  ActionComponent.cpp
D:\PROJECT GAME\Blood Battle Prodigies\Blood Battle Prodigies - Huyết Chiến Kỳ Tài\CODE\ECS\TransformComponent.h(43,30): warning C4244: '=': conversion from 'double' to 'float', possible loss of data
  (compiling source file 'CODE/ECS/ActionComponent.cpp')
  
D:\PROJECT GAME\Blood Battle Prodigies\Blood Battle Prodigies - Huyết Chiến Kỳ Tài\CODE\ECS\TransformComponent.h(55,31): warning C4244: '=': conversion from 'double' to 'float', possible loss of data
  (compiling source file 'CODE/ECS/ActionComponent.cpp')
  
D:\PROJECT GAME\Blood Battle Prodigies\Blood Battle Prodigies - Huyết Chiến Kỳ Tài\CODE\ECS\SpriteComponent.h(48,27): warning C4244: '=': conversion from 'double' to 'int', possible loss of data
  (compiling source file 'CODE/ECS/ActionComponent.cpp')
  
D:\PROJECT GAME\Blood Battle Prodigies\Blood Battle Prodigies - Huyết Chiến Kỳ Tài\CODE\ECS\SpriteComponent.h(49,27): warning C4244: '=': conversion from 'double' to 'int', possible loss of data
  (compiling source file 'CODE/ECS/ActionComponent.cpp')
  
D:\PROJECT GAME\Blood Battle Prodigies\Blood Battle Prodigies - Huyết Chiến Kỳ Tài\CODE\ECS\SpriteComponent.h(57,39): warning C4244: '=': conversion from 'double' to 'int', possible loss of data
  (compiling source file 'CODE/ECS/ActionComponent.cpp')
  
D:\PROJECT GAME\Blood Battle Prodigies\Blood Battle Prodigies - Huyết Chiến Kỳ Tài\CODE\ECS\SpriteComponent.h(58,40): warning C4244: '=': conversion from 'double' to 'int', possible loss of data
  (compiling source file 'CODE/ECS/ActionComponent.cpp')
  
D:\PROJECT GAME\Blood Battle Prodigies\Blood Battle Prodigies - Huyết Chiến Kỳ Tài\CODE\ECS\ColliderComponent.h(27,39): warning C4244: '=': conversion from 'double' to 'int', possible loss of data
  (compiling source file 'CODE/ECS/ActionComponent.cpp')
  
D:\PROJECT GAME\Blood Battle Prodigies\Blood Battle Prodigies - Huyết Chiến Kỳ Tài\CODE\ECS\ColliderComponent.h(28,40): warning C4244: '=': conversion from 'double' to 'int', possible loss of data
  (compiling source file 'CODE/ECS/ActionComponent.cpp')
  
D:\PROJECT GAME\Blood Battle Prodigies\Blood Battle Prodigies - Huyết Chiến Kỳ Tài\CODE\ECS\ActionComponent.cpp(153,46): warning C4244: '=': conversion from 'double' to 'int', possible loss of data
D:\PROJECT GAME\Blood Battle Prodigies\Blood Battle Prodigies - Huyết Chiến Kỳ Tài\CODE\ECS\ActionComponent.cpp(154,46): warning C4244: '=': conversion from 'double' to 'int', possible loss of data
D:\PROJECT GAME\Blood Battle Prodigies\Blood Battle Prodigies - Huyết Chiến Kỳ Tài\CODE\ECS\ActionComponent.cpp(344,61): warning C4244: 'argument': conversion from 'double' to 'int', possible loss of data
D:\PROJECT GAME\Blood Battle Prodigies\Blood Battle Prodigies - Huyết Chiến Kỳ Tài\CODE\ECS\ActionComponent.cpp(352,68): warning C4244: 'argument': conversion from 'double' to 'int', possible loss of data
D:\PROJECT GAME\Blood Battle Prodigies\Blood Battle Prodigies - Huyết Chiến Kỳ Tài\CODE\ECS\ActionComponent.cpp(381,59): warning C4244: 'argument': conversion from 'double' to 'int', possible loss of data
D:\PROJECT GAME\Blood Battle Prodigies\Blood Battle Prodigies - Huyết Chiến Kỳ Tài\CODE\ECS\ActionComponent.cpp(390,66): warning C4244: 'argument': conversion from 'double' to 'int', possible loss of data
D:\PROJECT GAME\Blood Battle Prodigies\Blood Battle Prodigies - Huyết Chiến Kỳ Tài\CODE\ECS\ActionComponent.cpp(409,30): warning C4244: '=': conversion from 'double' to 'int', possible loss of data
D:\PROJECT GAME\Blood Battle Prodigies\Blood Battle Prodigies - Huyết Chiến Kỳ Tài\CODE\ECS\ActionComponent.cpp(410,30): warning C4244: '=': conversion from 'double' to 'int', possible loss of data
  game.cpp
D:\PROJECT GAME\Blood Battle Prodigies\Blood Battle Prodigies - Huyết Chiến Kỳ Tài\CODE\ECS\TransformComponent.h(43,30): warning C4244: '=': conversion from 'double' to 'float', possible loss of data
  (compiling source file 'CODE/game.cpp')
  
D:\PROJECT GAME\Blood Battle Prodigies\Blood Battle Prodigies - Huyết Chiến Kỳ Tài\CODE\ECS\TransformComponent.h(55,31): warning C4244: '=': conversion from 'double' to 'float', possible loss of data
  (compiling source file 'CODE/game.cpp')
  
D:\PROJECT GAME\Blood Battle Prodigies\Blood Battle Prodigies - Huyết Chiến Kỳ Tài\CODE\ECS\SpriteComponent.h(48,27): warning C4244: '=': conversion from 'double' to 'int', possible loss of data
  (compiling source file 'CODE/game.cpp')
  
D:\PROJECT GAME\Blood Battle Prodigies\Blood Battle Prodigies - Huyết Chiến Kỳ Tài\CODE\ECS\SpriteComponent.h(49,27): warning C4244: '=': conversion from 'double' to 'int', possible loss of data
  (compiling source file 'CODE/game.cpp')
  
D:\PROJECT GAME\Blood Battle Prodigies\Blood Battle Prodigies - Huyết Chiến Kỳ Tài\CODE\ECS\SpriteComponent.h(57,39): warning C4244: '=': conversion from 'double' to 'int', possible loss of data
  (compiling source file 'CODE/game.cpp')
  
D:\PROJECT GAME\Blood Battle Prodigies\Blood Battle Prodigies - Huyết Chiến Kỳ Tài\CODE\ECS\SpriteComponent.h(58,40): warning C4244: '=': conversion from 'double' to 'int', possible loss of data
  (compiling source file 'CODE/game.cpp')
  
D:\PROJECT GAME\Blood Battle Prodigies\Blood Battle Prodigies - Huyết Chiến Kỳ Tài\CODE\ECS\ColliderComponent.h(27,39): warning C4244: '=': conversion from 'double' to 'int', possible loss of data
  (compiling source file 'CODE/game.cpp')
  
D:\PROJECT GAME\Blood Battle Prodigies\Blood Battle Prodigies - Huyết Chiến Kỳ Tài\CODE\ECS\ColliderComponent.h(28,40): warning C4244: '=': conversion from 'double' to 'int', possible loss of data
  (compiling source file 'CODE/game.cpp')
  
D:\PROJECT GAME\Blood Battle Prodigies\Blood Battle Prodigies - Huyết Chiến Kỳ Tài\CODE\game.cpp(104,22): warning C4566: character represented by universal-character-name '\u1ED7' cannot be represented in the current code page (1252)
D:\PROJECT GAME\Blood Battle Prodigies\Blood Battle Prodigies - Huyết Chiến Kỳ Tài\CODE\game.cpp(107,22): warning C4566: character represented by universal-character-name '\u1EDF' cannot be represented in the current code page (1252)
D:\PROJECT GAME\Blood Battle Prodigies\Blood Battle Prodigies - Huyết Chiến Kỳ Tài\CODE\game.cpp(107,22): warning C4566: character represented by universal-character-name '\u1EA1' cannot be represented in the current code page (1252)
D:\PROJECT GAME\Blood Battle Prodigies\Blood Battle Prodigies - Huyết Chiến Kỳ Tài\CODE\game.cpp(107,22): warning C4566: character represented by universal-character-name '\u0111' cannot be represented in the current code page (1252)
D:\PROJECT GAME\Blood Battle Prodigies\Blood Battle Prodigies - Huyết Chiến Kỳ Tài\CODE\game.cpp(107,22): warning C4566: character represented by universal-character-name '\u01B0' cannot be represented in the current code page (1252)
D:\PROJECT GAME\Blood Battle Prodigies\Blood Battle Prodigies - Huyết Chiến Kỳ Tài\CODE\game.cpp(107,22): warning C4566: character represented by universal-character-name '\u1EE3' cannot be represented in the current code page (1252)
D:\PROJECT GAME\Blood Battle Prodigies\Blood Battle Prodigies - Huyết Chiến Kỳ Tài\CODE\game.cpp(107,22): warning C4566: character represented by universal-character-name '\u1ED7' cannot be represented in the current code page (1252)
D:\PROJECT GAME\Blood Battle Prodigies\Blood Battle Prodigies - Huyết Chiến Kỳ Tài\CODE\game.cpp(112,22): warning C4566: character represented by universal-character-name '\u0111' cannot be represented in the current code page (1252)
D:\PROJECT GAME\Blood Battle Prodigies\Blood Battle Prodigies - Huyết Chiến Kỳ Tài\CODE\game.cpp(112,22): warning C4566: character represented by universal-character-name '\u01B0' cannot be represented in the current code page (1252)
D:\PROJECT GAME\Blood Battle Prodigies\Blood Battle Prodigies - Huyết Chiến Kỳ Tài\CODE\game.cpp(112,22): warning C4566: character represented by universal-character-name '\u1EE3' cannot be represented in the current code page (1252)
D:\PROJECT GAME\Blood Battle Prodigies\Blood Battle Prodigies - Huyết Chiến Kỳ Tài\CODE\game.cpp(112,22): warning C4566: character represented by universal-character-name '\u1EA1' cannot be represented in the current code page (1252)
D:\PROJECT GAME\Blood Battle Prodigies\Blood Battle Prodigies - Huyết Chiến Kỳ Tài\CODE\game.cpp(112,22): warning C4566: character represented by universal-character-name '\u1EC1' cannot be represented in the current code page (1252)
D:\PROJECT GAME\Blood Battle Prodigies\Blood Battle Prodigies - Huyết Chiến Kỳ Tài\CODE\game.cpp(112,22): warning C4566: character represented by universal-character-name '\u1ED7' cannot be represented in the current code page (1252)
D:\PROJECT GAME\Blood Battle Prodigies\Blood Battle Prodigies - Huyết Chiến Kỳ Tài\CODE\game.cpp(118,22): warning C4566: character represented by universal-character-name '\u1ED7' cannot be represented in the current code page (1252)
D:\PROJECT GAME\Blood Battle Prodigies\Blood Battle Prodigies - Huyết Chiến Kỳ Tài\CODE\game.cpp(118,22): warning C4566: character represented by universal-character-name '\u1EA1' cannot be represented in the current code page (1252)
D:\PROJECT GAME\Blood Battle Prodigies\Blood Battle Prodigies - Huyết Chiến Kỳ Tài\CODE\game.cpp(121,22): warning C4566: character represented by universal-character-name '\u1EA1' cannot be represented in the current code page (1252)
D:\PROJECT GAME\Blood Battle Prodigies\Blood Battle Prodigies - Huyết Chiến Kỳ Tài\CODE\game.cpp(121,22): warning C4566: character represented by universal-character-name '\u01B0' cannot be represented in the current code page (1252)
D:\PROJECT GAME\Blood Battle Prodigies\Blood Battle Prodigies - Huyết Chiến Kỳ Tài\CODE\game.cpp(237,21): warning C4244: 'initializing': conversion from 'double' to 'float', possible loss of data
D:\PROJECT GAME\Blood Battle Prodigies\Blood Battle Prodigies - Huyết Chiến Kỳ Tài\CODE\game.cpp(238,21): warning C4244: 'initializing': conversion from 'double' to 'float', possible loss of data
D:\PROJECT GAME\Blood Battle Prodigies\Blood Battle Prodigies - Huyết Chiến Kỳ Tài\CODE\game.cpp(240,38): warning C4838: conversion from 'double' to 'int' requires a narrowing conversion
D:\PROJECT GAME\Blood Battle Prodigies\Blood Battle Prodigies - Huyết Chiến Kỳ Tài\CODE\game.cpp(240,38): warning C4244: 'initializing': conversion from 'double' to 'int', possible loss of data
D:\PROJECT GAME\Blood Battle Prodigies\Blood Battle Prodigies - Huyết Chiến Kỳ Tài\CODE\game.cpp(240,51): warning C4838: conversion from 'double' to 'int' requires a narrowing conversion
D:\PROJECT GAME\Blood Battle Prodigies\Blood Battle Prodigies - Huyết Chiến Kỳ Tài\CODE\game.cpp(240,51): warning C4244: 'initializing': conversion from 'double' to 'int', possible loss of data
D:\PROJECT GAME\Blood Battle Prodigies\Blood Battle Prodigies - Huyết Chiến Kỳ Tài\CODE\game.cpp(241,64): warning C4838: conversion from 'double' to 'int' requires a narrowing conversion
D:\PROJECT GAME\Blood Battle Prodigies\Blood Battle Prodigies - Huyết Chiến Kỳ Tài\CODE\game.cpp(241,64): warning C4244: 'initializing': conversion from 'double' to 'int', possible loss of data
D:\PROJECT GAME\Blood Battle Prodigies\Blood Battle Prodigies - Huyết Chiến Kỳ Tài\CODE\game.cpp(247,16): warning C4244: 'initializing': conversion from 'double' to 'int', possible loss of data
D:\PROJECT GAME\Blood Battle Prodigies\Blood Battle Prodigies - Huyết Chiến Kỳ Tài\CODE\game.cpp(248,40): warning C4838: conversion from 'double' to 'int' requires a narrowing conversion
D:\PROJECT GAME\Blood Battle Prodigies\Blood Battle Prodigies - Huyết Chiến Kỳ Tài\CODE\game.cpp(248,40): warning C4244: 'initializing': conversion from 'double' to 'int', possible loss of data
D:\PROJECT GAME\Blood Battle Prodigies\Blood Battle Prodigies - Huyết Chiến Kỳ Tài\CODE\game.cpp(248,53): warning C4838: conversion from 'double' to 'int' requires a narrowing conversion
D:\PROJECT GAME\Blood Battle Prodigies\Blood Battle Prodigies - Huyết Chiến Kỳ Tài\CODE\game.cpp(248,53): warning C4244: 'initializing': conversion from 'double' to 'int', possible loss of data
D:\PROJECT GAME\Blood Battle Prodigies\Blood Battle Prodigies - Huyết Chiến Kỳ Tài\CODE\game.cpp(249,66): warning C4838: conversion from 'double' to 'int' requires a narrowing conversion
D:\PROJECT GAME\Blood Battle Prodigies\Blood Battle Prodigies - Huyết Chiến Kỳ Tài\CODE\game.cpp(249,66): warning C4244: 'initializing': conversion from 'double' to 'int', possible loss of data
D:\PROJECT GAME\Blood Battle Prodigies\Blood Battle Prodigies - Huyết Chiến Kỳ Tài\CODE\game.cpp(259,21): warning C4244: 'initializing': conversion from 'double' to 'float', possible loss of data
D:\PROJECT GAME\Blood Battle Prodigies\Blood Battle Prodigies - Huyết Chiến Kỳ Tài\CODE\game.cpp(260,21): warning C4244: 'initializing': conversion from 'double' to 'float', possible loss of data
D:\PROJECT GAME\Blood Battle Prodigies\Blood Battle Prodigies - Huyết Chiến Kỳ Tài\CODE\game.cpp(262,16): warning C4244: 'initializing': conversion from 'double' to 'int', possible loss of data
D:\PROJECT GAME\Blood Battle Prodigies\Blood Battle Prodigies - Huyết Chiến Kỳ Tài\CODE\game.cpp(263,34): warning C4838: conversion from 'double' to 'int' requires a narrowing conversion
D:\PROJECT GAME\Blood Battle Prodigies\Blood Battle Prodigies - Huyết Chiến Kỳ Tài\CODE\game.cpp(263,34): warning C4244: 'initializing': conversion from 'double' to 'int', possible loss of data
D:\PROJECT GAME\Blood Battle Prodigies\Blood Battle Prodigies - Huyết Chiến Kỳ Tài\CODE\game.cpp(263,47): warning C4838: conversion from 'double' to 'int' requires a narrowing conversion
D:\PROJECT GAME\Blood Battle Prodigies\Blood Battle Prodigies - Huyết Chiến Kỳ Tài\CODE\game.cpp(263,47): warning C4244: 'initializing': conversion from 'double' to 'int', possible loss of data
D:\PROJECT GAME\Blood Battle Prodigies\Blood Battle Prodigies - Huyết Chiến Kỳ Tài\CODE\game.cpp(264,28): warning C4838: conversion from 'double' to 'int' requires a narrowing conversion
D:\PROJECT GAME\Blood Battle Prodigies\Blood Battle Prodigies - Huyết Chiến Kỳ Tài\CODE\game.cpp(264,28): warning C4244: 'initializing': conversion from 'double' to 'int', possible loss of data
D:\PROJECT GAME\Blood Battle Prodigies\Blood Battle Prodigies - Huyết Chiến Kỳ Tài\CODE\game.cpp(265,53): warning C4838: conversion from 'double' to 'int' requires a narrowing conversion
D:\PROJECT GAME\Blood Battle Prodigies\Blood Battle Prodigies - Huyết Chiến Kỳ Tài\CODE\game.cpp(265,53): warning C4244: 'initializing': conversion from 'double' to 'int', possible loss of data
D:\PROJECT GAME\Blood Battle Prodigies\Blood Battle Prodigies - Huyết Chiến Kỳ Tài\CODE\game.cpp(271,16): warning C4244: 'initializing': conversion from 'double' to 'int', possible loss of data
D:\PROJECT GAME\Blood Battle Prodigies\Blood Battle Prodigies - Huyết Chiến Kỳ Tài\CODE\game.cpp(272,36): warning C4838: conversion from 'double' to 'int' requires a narrowing conversion
D:\PROJECT GAME\Blood Battle Prodigies\Blood Battle Prodigies - Huyết Chiến Kỳ Tài\CODE\game.cpp(272,36): warning C4244: 'initializing': conversion from 'double' to 'int', possible loss of data
D:\PROJECT GAME\Blood Battle Prodigies\Blood Battle Prodigies - Huyết Chiến Kỳ Tài\CODE\game.cpp(272,49): warning C4838: conversion from 'double' to 'int' requires a narrowing conversion
D:\PROJECT GAME\Blood Battle Prodigies\Blood Battle Prodigies - Huyết Chiến Kỳ Tài\CODE\game.cpp(272,49): warning C4244: 'initializing': conversion from 'double' to 'int', possible loss of data
D:\PROJECT GAME\Blood Battle Prodigies\Blood Battle Prodigies - Huyết Chiến Kỳ Tài\CODE\game.cpp(273,29): warning C4838: conversion from 'double' to 'int' requires a narrowing conversion
D:\PROJECT GAME\Blood Battle Prodigies\Blood Battle Prodigies - Huyết Chiến Kỳ Tài\CODE\game.cpp(273,29): warning C4244: 'initializing': conversion from 'double' to 'int', possible loss of data
D:\PROJECT GAME\Blood Battle Prodigies\Blood Battle Prodigies - Huyết Chiến Kỳ Tài\CODE\game.cpp(274,54): warning C4838: conversion from 'double' to 'int' requires a narrowing conversion
D:\PROJECT GAME\Blood Battle Prodigies\Blood Battle Prodigies - Huyết Chiến Kỳ Tài\CODE\game.cpp(274,54): warning C4244: 'initializing': conversion from 'double' to 'int', possible loss of data
D:\PROJECT GAME\Blood Battle Prodigies\Blood Battle Prodigies - Huyết Chiến Kỳ Tài\CODE\ECS\ECS.h(57,34): warning C4244: 'argument': conversion from '_Ty' to 'int', possible loss of data
D:\PROJECT GAME\Blood Battle Prodigies\Blood Battle Prodigies - Huyết Chiến Kỳ Tài\CODE\ECS\ECS.h(57,34): warning C4244:         with
D:\PROJECT GAME\Blood Battle Prodigies\Blood Battle Prodigies - Huyết Chiến Kỳ Tài\CODE\ECS\ECS.h(57,34): warning C4244:         [
D:\PROJECT GAME\Blood Battle Prodigies\Blood Battle Prodigies - Huyết Chiến Kỳ Tài\CODE\ECS\ECS.h(57,34): warning C4244:             _Ty=double
D:\PROJECT GAME\Blood Battle Prodigies\Blood Battle Prodigies - Huyết Chiến Kỳ Tài\CODE\ECS\ECS.h(57,34): warning C4244:         ]
  (compiling source file 'CODE/game.cpp')
      D:\PROJECT GAME\Blood Battle Prodigies\Blood Battle Prodigies - Huyết Chiến Kỳ Tài\CODE\ECS\ECS.h(57,34):
      the template instantiation context (the oldest one first) is
          D:\PROJECT GAME\Blood Battle Prodigies\Blood Battle Prodigies - Huyết Chiến Kỳ Tài\CODE\game.cpp(84,13):
          see reference to function template instantiation 'T &Entity::addComponent<TransformComponent,float,float,int,int,double>(float &&,float &&,int &&,int &&,double &&)' being compiled
          with
          [
              T=TransformComponent
          ]
  
  GameObject.cpp
  main.cpp
  map.cpp
D:\PROJECT GAME\Blood Battle Prodigies\Blood Battle Prodigies - Huyết Chiến Kỳ Tài\CODE\map.cpp(26,22): warning C4566: character represented by universal-character-name '\u1ED7' cannot be represented in the current code page (1252)
D:\PROJECT GAME\Blood Battle Prodigies\Blood Battle Prodigies - Huyết Chiến Kỳ Tài\CODE\map.cpp(34,22): warning C4566: character represented by universal-character-name '\u1ED7' cannot be represented in the current code page (1252)
D:\PROJECT GAME\Blood Battle Prodigies\Blood Battle Prodigies - Huyết Chiến Kỳ Tài\CODE\map.cpp(34,22): warning C4566: character represented by universal-character-name '\u1EA1' cannot be represented in the current code page (1252)
D:\PROJECT GAME\Blood Battle Prodigies\Blood Battle Prodigies - Huyết Chiến Kỳ Tài\CODE\map.cpp(34,22): warning C4566: character represented by universal-character-name '\u1EEB' cannot be represented in the current code page (1252)
  TextureManager.cpp
  vector2D.cpp
  Generating Code...
  Blood Battle Prodigies - Huyết Chiến Kỳ Tài.vcxproj -> D:\PROJECT GAME\Blood Battle Prodigies\Debug\Blood Battle Prodigies - Huyết Chiến Kỳ Tài.exe
